<?xml version="1.0" encoding="UTF-8"?>
<testsuite xmlns:xsi="http://www.w3.org/2001/XMLSchema-instance" xsi:noNamespaceSchemaLocation="https://maven.apache.org/surefire/maven-surefire-plugin/xsd/surefire-test-report.xsd" name="cn.zpeace.blog.BlogApplicationTests" time="5.886" tests="3" errors="0" skipped="0" failures="0">
  <properties>
[...]
</properties>
  <testcase name="getAll" classname="cn.zpeace.blog.BlogApplicationTests" time="0.793"/>
  <testcase name="login" classname="cn.zpeace.blog.BlogApplicationTests" time="0.002"/>
  <testcase name="contextLoads" classname="cn.zpeace.blog.BlogApplicationTests" time="0.002"/>
</testsuite>